# JRE version: Java(TM) SE Runtime Environment (21.0.2+13) (build 21.0.2+13-LTS-58)
# Java VM: Java HotSpot(TM) 64-Bit Server VM (21.0.2+13-LTS-58, mixed mode, sharing, tiered, compressed oops, compressed class ptrs, parallel gc, windows-amd64)
GC Precious Log:
 CardTable entry size: 512
 CPUs: 4 total, 4 available
 Memory: 8088M
 Large Page Support: Disabled
 NUMA Support: Disabled
 Compressed Oops: Enabled (32-bit)
 Alignments: Space 512K, Generation 512K, Heap 2M
 Heap Min Capacity: 100M
 Heap Initial Capacity: 100M
 Heap Max Capacity: 1G
 Pre-touch: Disabled
 Parallel Workers: 4
Heap:
 PSYoungGen      total 11776K, used 3020K [0x00000000eab00000, 0x00000000ebc80000, 0x0000000100000000)
  eden space 8704K, 0% used [0x00000000eab00000,0x00000000eab00000,0x00000000eb380000)
  from space 3072K, 98% used [0x00000000eb980000,0x00000000ebc73010,0x00000000ebc80000)
  to   space 4096K, 0% used [0x00000000eb480000,0x00000000eb480000,0x00000000eb880000)
 ParOldGen       total 333824K, used 331092K [0x00000000c0000000, 0x00000000d4600000, 0x00000000eab00000)
  object space 333824K, 99% used [0x00000000c0000000,0x00000000d4355168,0x00000000d4600000)
 Metaspace       used 65769K, committed 67136K, reserved 1114112K
  class space    used 6809K, committed 7424K, reserved 1048576K
GC Heap History (20 events):
Event: 192.891 GC heap after
{Heap after GC invocations=339 (full 15):
 PSYoungGen      total 6656K, used 3558K [0x00000000eab00000, 0x00000000eb780000, 0x0000000100000000)
  eden space 3072K, 0% used [0x00000000eab00000,0x00000000eab00000,0x00000000eae00000)
  from space 3584K, 99% used [0x00000000eae00000,0x00000000eb179b18,0x00000000eb180000)
  to   space 4608K, 0% used [0x00000000eb300000,0x00000000eb300000,0x00000000eb780000)
 ParOldGen       total 333824K, used 313019K [0x00000000c0000000, 0x00000000d4600000, 0x00000000eab00000)
  object space 333824K, 93% used [0x00000000c0000000,0x00000000d31aef90,0x00000000d4600000)
 Metaspace       used 65768K, committed 67136K, reserved 1114112K
  class space    used 6809K, committed 7424K, reserved 1048576K
}
Event: 192.921 GC heap before
{Heap before GC invocations=340 (full 15):
 PSYoungGen      total 6656K, used 6630K [0x00000000eab00000, 0x00000000eb780000, 0x0000000100000000)
  eden space 3072K, 100% used [0x00000000eab00000,0x00000000eae00000,0x00000000eae00000)
  from space 3584K, 99% used [0x00000000eae00000,0x00000000eb179b18,0x00000000eb180000)
  to   space 4608K, 0% used [0x00000000eb300000,0x00000000eb300000,0x00000000eb780000)
 ParOldGen       total 333824K, used 313019K [0x00000000c0000000, 0x00000000d4600000, 0x00000000eab00000)
  object space 333824K, 93% used [0x00000000c0000000,0x00000000d31aef90,0x00000000d4600000)
 Metaspace       used 65768K, committed 67136K, reserved 1114112K
  class space    used 6809K, committed 7424K, reserved 1048576K
}
Event: 192.926 GC heap after
{Heap after GC invocations=340 (full 15):
 PSYoungGen      total 7680K, used 3799K [0x00000000eab00000, 0x00000000eb700000, 0x0000000100000000)
  eden space 3584K, 0% used [0x00000000eab00000,0x00000000eab00000,0x00000000eae80000)
  from space 4096K, 92% used [0x00000000eb300000,0x00000000eb6b5f10,0x00000000eb700000)
  to   space 4096K, 0% used [0x00000000eaf00000,0x00000000eaf00000,0x00000000eb300000)
 ParOldGen       total 333824K, used 313962K [0x00000000c0000000, 0x00000000d4600000, 0x00000000eab00000)
  object space 333824K, 94% used [0x00000000c0000000,0x00000000d329a8f8,0x00000000d4600000)
 Metaspace       used 65768K, committed 67136K, reserved 1114112K
  class space    used 6809K, committed 7424K, reserved 1048576K
}
Event: 192.937 GC heap before
{Heap before GC invocations=341 (full 15):
 PSYoungGen      total 7680K, used 7379K [0x00000000eab00000, 0x00000000eb700000, 0x0000000100000000)
  eden space 3584K, 99% used [0x00000000eab00000,0x00000000eae7efe0,0x00000000eae80000)
  from space 4096K, 92% used [0x00000000eb300000,0x00000000eb6b5f10,0x00000000eb700000)
  to   space 4096K, 0% used [0x00000000eaf00000,0x00000000eaf00000,0x00000000eb300000)
 ParOldGen       total 333824K, used 313962K [0x00000000c0000000, 0x00000000d4600000, 0x00000000eab00000)
  object space 333824K, 94% used [0x00000000c0000000,0x00000000d329a8f8,0x00000000d4600000)
 Metaspace       used 65768K, committed 67136K, reserved 1114112K
  class space    used 6809K, committed 7424K, reserved 1048576K
}
Event: 192.941 GC heap after
{Heap after GC invocations=341 (full 15):
 PSYoungGen      total 8192K, used 4082K [0x00000000eab00000, 0x00000000eba80000, 0x0000000100000000)
  eden space 4096K, 0% used [0x00000000eab00000,0x00000000eab00000,0x00000000eaf00000)
  from space 4096K, 99% used [0x00000000eaf00000,0x00000000eb2fc890,0x00000000eb300000)
  to   space 5632K, 0% used [0x00000000eb500000,0x00000000eb500000,0x00000000eba80000)
 ParOldGen       total 333824K, used 314941K [0x00000000c0000000, 0x00000000d4600000, 0x00000000eab00000)
  object space 333824K, 94% used [0x00000000c0000000,0x00000000d338f450,0x00000000d4600000)
 Metaspace       used 65768K, committed 67136K, reserved 1114112K
  class space    used 6809K, committed 7424K, reserved 1048576K
}
Event: 192.964 GC heap before
{Heap before GC invocations=342 (full 15):
 PSYoungGen      total 8192K, used 8178K [0x00000000eab00000, 0x00000000eba80000, 0x0000000100000000)
  eden space 4096K, 100% used [0x00000000eab00000,0x00000000eaf00000,0x00000000eaf00000)
  from space 4096K, 99% used [0x00000000eaf00000,0x00000000eb2fc890,0x00000000eb300000)
  to   space 5632K, 0% used [0x00000000eb500000,0x00000000eb500000,0x00000000eba80000)
 ParOldGen       total 333824K, used 314941K [0x00000000c0000000, 0x00000000d4600000, 0x00000000eab00000)
  object space 333824K, 94% used [0x00000000c0000000,0x00000000d338f450,0x00000000d4600000)
 Metaspace       used 65768K, committed 67136K, reserved 1114112K
  class space    used 6809K, committed 7424K, reserved 1048576K
}
Event: 192.970 GC heap after
{Heap after GC invocations=342 (full 15):
 PSYoungGen      total 9728K, used 4136K [0x00000000eab00000, 0x00000000eb980000, 0x0000000100000000)
  eden space 5120K, 0% used [0x00000000eab00000,0x00000000eab00000,0x00000000eb000000)
  from space 4608K, 89% used [0x00000000eb500000,0x00000000eb90a1d0,0x00000000eb980000)
  to   space 4608K, 0% used [0x00000000eb080000,0x00000000eb080000,0x00000000eb500000)
 ParOldGen       total 333824K, used 316403K [0x00000000c0000000, 0x00000000d4600000, 0x00000000eab00000)
  object space 333824K, 94% used [0x00000000c0000000,0x00000000d34fcec8,0x00000000d4600000)
 Metaspace       used 65768K, committed 67136K, reserved 1114112K
  class space    used 6809K, committed 7424K, reserved 1048576K
}
Event: 192.993 GC heap before
{Heap before GC invocations=343 (full 15):
 PSYoungGen      total 9728K, used 9256K [0x00000000eab00000, 0x00000000eb980000, 0x0000000100000000)
  eden space 5120K, 100% used [0x00000000eab00000,0x00000000eb000000,0x00000000eb000000)
  from space 4608K, 89% used [0x00000000eb500000,0x00000000eb90a1d0,0x00000000eb980000)
  to   space 4608K, 0% used [0x00000000eb080000,0x00000000eb080000,0x00000000eb500000)
 ParOldGen       total 333824K, used 316403K [0x00000000c0000000, 0x00000000d4600000, 0x00000000eab00000)
  object space 333824K, 94% used [0x00000000c0000000,0x00000000d34fcec8,0x00000000d4600000)
 Metaspace       used 65768K, committed 67136K, reserved 1114112K
  class space    used 6809K, committed 7424K, reserved 1048576K
}
Event: 192.999 GC heap after
{Heap after GC invocations=343 (full 15):
 PSYoungGen      total 10240K, used 4173K [0x00000000eab00000, 0x00000000eba00000, 0x0000000100000000)
  eden space 5632K, 0% used [0x00000000eab00000,0x00000000eab00000,0x00000000eb080000)
  from space 4608K, 90% used [0x00000000eb080000,0x00000000eb493688,0x00000000eb500000)
  to   space 4608K, 0% used [0x00000000eb580000,0x00000000eb580000,0x00000000eba00000)
 ParOldGen       total 333824K, used 318012K [0x00000000c0000000, 0x00000000d4600000, 0x00000000eab00000)
  object space 333824K, 95% used [0x00000000c0000000,0x00000000d368f2e0,0x00000000d4600000)
 Metaspace       used 65768K, committed 67136K, reserved 1114112K
  class space    used 6809K, committed 7424K, reserved 1048576K
}
Event: 193.028 GC heap before
{Heap before GC invocations=344 (full 15):
 PSYoungGen      total 10240K, used 9805K [0x00000000eab00000, 0x00000000eba00000, 0x0000000100000000)
  eden space 5632K, 100% used [0x00000000eab00000,0x00000000eb080000,0x00000000eb080000)
  from space 4608K, 90% used [0x00000000eb080000,0x00000000eb493688,0x00000000eb500000)
  to   space 4608K, 0% used [0x00000000eb580000,0x00000000eb580000,0x00000000eba00000)
 ParOldGen       total 333824K, used 318012K [0x00000000c0000000, 0x00000000d4600000, 0x00000000eab00000)
  object space 333824K, 95% used [0x00000000c0000000,0x00000000d368f2e0,0x00000000d4600000)
 Metaspace       used 65768K, committed 67136K, reserved 1114112K
  class space    used 6809K, committed 7424K, reserved 1048576K
}
Event: 193.034 GC heap after
{Heap after GC invocations=344 (full 15):
 PSYoungGen      total 10752K, used 3285K [0x00000000eab00000, 0x00000000eb980000, 0x0000000100000000)
  eden space 6656K, 0% used [0x00000000eab00000,0x00000000eab00000,0x00000000eb180000)
  from space 4096K, 80% used [0x00000000eb580000,0x00000000eb8b54e0,0x00000000eb980000)
  to   space 4096K, 0% used [0x00000000eb180000,0x00000000eb180000,0x00000000eb580000)
 ParOldGen       total 333824K, used 320489K [0x00000000c0000000, 0x00000000d4600000, 0x00000000eab00000)
  object space 333824K, 96% used [0x00000000c0000000,0x00000000d38fa430,0x00000000d4600000)
 Metaspace       used 65768K, committed 67136K, reserved 1114112K
  class space    used 6809K, committed 7424K, reserved 1048576K
}
Event: 193.176 GC heap before
{Heap before GC invocations=345 (full 15):
 PSYoungGen      total 10752K, used 9941K [0x00000000eab00000, 0x00000000eb980000, 0x0000000100000000)
  eden space 6656K, 100% used [0x00000000eab00000,0x00000000eb180000,0x00000000eb180000)
  from space 4096K, 80% used [0x00000000eb580000,0x00000000eb8b54e0,0x00000000eb980000)
  to   space 4096K, 0% used [0x00000000eb180000,0x00000000eb180000,0x00000000eb580000)
 ParOldGen       total 333824K, used 320489K [0x00000000c0000000, 0x00000000d4600000, 0x00000000eab00000)
  object space 333824K, 96% used [0x00000000c0000000,0x00000000d38fa430,0x00000000d4600000)
 Metaspace       used 65769K, committed 67136K, reserved 1114112K
  class space    used 6809K, committed 7424K, reserved 1048576K
}
Event: 193.183 GC heap after
{Heap after GC invocations=345 (full 15):
 PSYoungGen      total 10752K, used 2142K [0x00000000eab00000, 0x00000000eb880000, 0x0000000100000000)
  eden space 6656K, 0% used [0x00000000eab00000,0x00000000eab00000,0x00000000eb180000)
  from space 4096K, 52% used [0x00000000eb180000,0x00000000eb397ba0,0x00000000eb580000)
  to   space 3072K, 0% used [0x00000000eb580000,0x00000000eb580000,0x00000000eb880000)
 ParOldGen       total 333824K, used 323740K [0x00000000c0000000, 0x00000000d4600000, 0x00000000eab00000)
  object space 333824K, 96% used [0x00000000c0000000,0x00000000d3c27168,0x00000000d4600000)
 Metaspace       used 65769K, committed 67136K, reserved 1114112K
  class space    used 6809K, committed 7424K, reserved 1048576K
}
Event: 193.282 GC heap before
{Heap before GC invocations=346 (full 15):
 PSYoungGen      total 10752K, used 8798K [0x00000000eab00000, 0x00000000eb880000, 0x0000000100000000)
  eden space 6656K, 100% used [0x00000000eab00000,0x00000000eb180000,0x00000000eb180000)
  from space 4096K, 52% used [0x00000000eb180000,0x00000000eb397ba0,0x00000000eb580000)
  to   space 3072K, 0% used [0x00000000eb580000,0x00000000eb580000,0x00000000eb880000)
 ParOldGen       total 333824K, used 323740K [0x00000000c0000000, 0x00000000d4600000, 0x00000000eab00000)
  object space 333824K, 96% used [0x00000000c0000000,0x00000000d3c27168,0x00000000d4600000)
 Metaspace       used 65769K, committed 67136K, reserved 1114112K
  class space    used 6809K, committed 7424K, reserved 1048576K
}
Event: 193.286 GC heap after
{Heap after GC invocations=346 (full 15):
 PSYoungGen      total 10752K, used 2520K [0x00000000eab00000, 0x00000000eb880000, 0x0000000100000000)
  eden space 7680K, 0% used [0x00000000eab00000,0x00000000eab00000,0x00000000eb280000)
  from space 3072K, 82% used [0x00000000eb580000,0x00000000eb7f6208,0x00000000eb880000)
  to   space 3072K, 0% used [0x00000000eb280000,0x00000000eb280000,0x00000000eb580000)
 ParOldGen       total 333824K, used 325822K [0x00000000c0000000, 0x00000000d4600000, 0x00000000eab00000)
  object space 333824K, 97% used [0x00000000c0000000,0x00000000d3e2fa90,0x00000000d4600000)
 Metaspace       used 65769K, committed 67136K, reserved 1114112K
  class space    used 6809K, committed 7424K, reserved 1048576K
}
Event: 193.339 GC heap before
{Heap before GC invocations=347 (full 15):
 PSYoungGen      total 10752K, used 10180K [0x00000000eab00000, 0x00000000eb880000, 0x0000000100000000)
  eden space 7680K, 99% used [0x00000000eab00000,0x00000000eb27b080,0x00000000eb280000)
  from space 3072K, 82% used [0x00000000eb580000,0x00000000eb7f6208,0x00000000eb880000)
  to   space 3072K, 0% used [0x00000000eb280000,0x00000000eb280000,0x00000000eb580000)
 ParOldGen       total 333824K, used 325822K [0x00000000c0000000, 0x00000000d4600000, 0x00000000eab00000)
  object space 333824K, 97% used [0x00000000c0000000,0x00000000d3e2fa90,0x00000000d4600000)
 Metaspace       used 65769K, committed 67136K, reserved 1114112K
  class space    used 6809K, committed 7424K, reserved 1048576K
}
Event: 193.344 GC heap after
{Heap after GC invocations=347 (full 15):
 PSYoungGen      total 10752K, used 3058K [0x00000000eab00000, 0x00000000ebf80000, 0x0000000100000000)
  eden space 7680K, 0% used [0x00000000eab00000,0x00000000eab00000,0x00000000eb280000)
  from space 3072K, 99% used [0x00000000eb280000,0x00000000eb57c870,0x00000000eb580000)
  to   space 6144K, 0% used [0x00000000eb980000,0x00000000eb980000,0x00000000ebf80000)
 ParOldGen       total 333824K, used 328133K [0x00000000c0000000, 0x00000000d4600000, 0x00000000eab00000)
  object space 333824K, 98% used [0x00000000c0000000,0x00000000d40715c8,0x00000000d4600000)
 Metaspace       used 65769K, committed 67136K, reserved 1114112K
  class space    used 6809K, committed 7424K, reserved 1048576K
}
Event: 193.532 GC heap before
{Heap before GC invocations=348 (full 15):
 PSYoungGen      total 10752K, used 10738K [0x00000000eab00000, 0x00000000ebf80000, 0x0000000100000000)
  eden space 7680K, 100% used [0x00000000eab00000,0x00000000eb280000,0x00000000eb280000)
  from space 3072K, 99% used [0x00000000eb280000,0x00000000eb57c870,0x00000000eb580000)
  to   space 6144K, 0% used [0x00000000eb980000,0x00000000eb980000,0x00000000ebf80000)
 ParOldGen       total 333824K, used 328133K [0x00000000c0000000, 0x00000000d4600000, 0x00000000eab00000)
  object space 333824K, 98% used [0x00000000c0000000,0x00000000d40715c8,0x00000000d4600000)
 Metaspace       used 65769K, committed 67136K, reserved 1114112K
  class space    used 6809K, committed 7424K, reserved 1048576K
}
Event: 193.540 GC heap after
{Heap after GC invocations=348 (full 15):
 PSYoungGen      total 11776K, used 3020K [0x00000000eab00000, 0x00000000ebc80000, 0x0000000100000000)
  eden space 8704K, 0% used [0x00000000eab00000,0x00000000eab00000,0x00000000eb380000)
  from space 3072K, 98% used [0x00000000eb980000,0x00000000ebc73010,0x00000000ebc80000)
  to   space 4096K, 0% used [0x00000000eb480000,0x00000000eb480000,0x00000000eb880000)
 ParOldGen       total 333824K, used 331092K [0x00000000c0000000, 0x00000000d4600000, 0x00000000eab00000)
  object space 333824K, 99% used [0x00000000c0000000,0x00000000d4355168,0x00000000d4600000)
 Metaspace       used 65769K, committed 67136K, reserved 1114112K
  class space    used 6809K, committed 7424K, reserved 1048576K
}
Event: 193.540 GC heap before
{Heap before GC invocations=349 (full 16):
 PSYoungGen      total 11776K, used 3020K [0x00000000eab00000, 0x00000000ebc80000, 0x0000000100000000)
  eden space 8704K, 0% used [0x00000000eab00000,0x00000000eab00000,0x00000000eb380000)
  from space 3072K, 98% used [0x00000000eb980000,0x00000000ebc73010,0x00000000ebc80000)
  to   space 4096K, 0% used [0x00000000eb480000,0x00000000eb480000,0x00000000eb880000)
 ParOldGen       total 333824K, used 331092K [0x00000000c0000000, 0x00000000d4600000, 0x00000000eab00000)
  object space 333824K, 99% used [0x00000000c0000000,0x00000000d4355168,0x00000000d4600000)
 Metaspace       used 65769K, committed 67136K, reserved 1114112K
  class space    used 6809K, committed 7424K, reserved 1048576K
}

