# JRE version: Java(TM) SE Runtime Environment (21.0.2+13) (build 21.0.2+13-LTS-58)
# Java VM: Java HotSpot(TM) 64-Bit Server VM (21.0.2+13-LTS-58, mixed mode, sharing, tiered, compressed oops, compressed class ptrs, parallel gc, windows-amd64)
GC Precious Log:
 CardTable entry size: 512
 CPUs: 4 total, 4 available
 Memory: 8088M
 Large Page Support: Disabled
 NUMA Support: Disabled
 Compressed Oops: Enabled (32-bit)
 Alignments: Space 512K, Generation 512K, Heap 2M
 Heap Min Capacity: 100M
 Heap Initial Capacity: 100M
 Heap Max Capacity: 1G
 Pre-touch: Disabled
 Parallel Workers: 4
Heap:
 PSYoungGen      total 4096K, used 1020K [0x00000000eab00000, 0x00000000eb300000, 0x0000000100000000)
  eden space 3072K, 0% used [0x00000000eab00000,0x00000000eab00000,0x00000000eae00000)
  from space 1024K, 99% used [0x00000000eb000000,0x00000000eb0ff1a0,0x00000000eb100000)
  to   space 2048K, 0% used [0x00000000eae00000,0x00000000eae00000,0x00000000eb000000)
 ParOldGen       total 193024K, used 192662K [0x00000000c0000000, 0x00000000cbc80000, 0x00000000eab00000)
  object space 193024K, 99% used [0x00000000c0000000,0x00000000cbc259c8,0x00000000cbc80000)
 Metaspace       used 98368K, committed 100032K, reserved 1179648K
  class space    used 10085K, committed 10880K, reserved 1048576K
GC Heap History (20 events):
Event: 2879.946 GC heap after
{Heap after GC invocations=3383 (full 53):
 PSYoungGen      total 3584K, used 384K [0x00000000eab00000, 0x00000000eaf00000, 0x0000000100000000)
  eden space 2560K, 0% used [0x00000000eab00000,0x00000000eab00000,0x00000000ead80000)
  from space 1024K, 37% used [0x00000000ead80000,0x00000000eade0000,0x00000000eae80000)
  to   space 512K, 0% used [0x00000000eae80000,0x00000000eae80000,0x00000000eaf00000)
 ParOldGen       total 192512K, used 189828K [0x00000000c0000000, 0x00000000cbc00000, 0x00000000eab00000)
  object space 192512K, 98% used [0x00000000c0000000,0x00000000cb961388,0x00000000cbc00000)
 Metaspace       used 98364K, committed 100032K, reserved 1179648K
  class space    used 10085K, committed 10880K, reserved 1048576K
}
Event: 2879.960 GC heap before
{Heap before GC invocations=3384 (full 53):
 PSYoungGen      total 3584K, used 2944K [0x00000000eab00000, 0x00000000eaf00000, 0x0000000100000000)
  eden space 2560K, 100% used [0x00000000eab00000,0x00000000ead80000,0x00000000ead80000)
  from space 1024K, 37% used [0x00000000ead80000,0x00000000eade0000,0x00000000eae80000)
  to   space 512K, 0% used [0x00000000eae80000,0x00000000eae80000,0x00000000eaf00000)
 ParOldGen       total 192512K, used 189828K [0x00000000c0000000, 0x00000000cbc00000, 0x00000000eab00000)
  object space 192512K, 98% used [0x00000000c0000000,0x00000000cb961388,0x00000000cbc00000)
 Metaspace       used 98364K, committed 100032K, reserved 1179648K
  class space    used 10085K, committed 10880K, reserved 1048576K
}
Event: 2879.963 GC heap after
{Heap after GC invocations=3384 (full 53):
 PSYoungGen      total 3584K, used 234K [0x00000000eab00000, 0x00000000eaf00000, 0x0000000100000000)
  eden space 3072K, 0% used [0x00000000eab00000,0x00000000eab00000,0x00000000eae00000)
  from space 512K, 45% used [0x00000000eae80000,0x00000000eaeba910,0x00000000eaf00000)
  to   space 512K, 0% used [0x00000000eae00000,0x00000000eae00000,0x00000000eae80000)
 ParOldGen       total 192512K, used 190132K [0x00000000c0000000, 0x00000000cbc00000, 0x00000000eab00000)
  object space 192512K, 98% used [0x00000000c0000000,0x00000000cb9ad388,0x00000000cbc00000)
 Metaspace       used 98364K, committed 100032K, reserved 1179648K
  class space    used 10085K, committed 10880K, reserved 1048576K
}
Event: 2879.978 GC heap before
{Heap before GC invocations=3385 (full 53):
 PSYoungGen      total 3584K, used 3306K [0x00000000eab00000, 0x00000000eaf00000, 0x0000000100000000)
  eden space 3072K, 100% used [0x00000000eab00000,0x00000000eae00000,0x00000000eae00000)
  from space 512K, 45% used [0x00000000eae80000,0x00000000eaeba910,0x00000000eaf00000)
  to   space 512K, 0% used [0x00000000eae00000,0x00000000eae00000,0x00000000eae80000)
 ParOldGen       total 192512K, used 190132K [0x00000000c0000000, 0x00000000cbc00000, 0x00000000eab00000)
  object space 192512K, 98% used [0x00000000c0000000,0x00000000cb9ad388,0x00000000cbc00000)
 Metaspace       used 98364K, committed 100032K, reserved 1179648K
  class space    used 10085K, committed 10880K, reserved 1048576K
}
Event: 2879.982 GC heap after
{Heap after GC invocations=3385 (full 53):
 PSYoungGen      total 3584K, used 512K [0x00000000eab00000, 0x00000000eb100000, 0x0000000100000000)
  eden space 3072K, 0% used [0x00000000eab00000,0x00000000eab00000,0x00000000eae00000)
  from space 512K, 100% used [0x00000000eae00000,0x00000000eae80000,0x00000000eae80000)
  to   space 1024K, 0% used [0x00000000eb000000,0x00000000eb000000,0x00000000eb100000)
 ParOldGen       total 192512K, used 190325K [0x00000000c0000000, 0x00000000cbc00000, 0x00000000eab00000)
  object space 192512K, 98% used [0x00000000c0000000,0x00000000cb9dd5a8,0x00000000cbc00000)
 Metaspace       used 98364K, committed 100032K, reserved 1179648K
  class space    used 10085K, committed 10880K, reserved 1048576K
}
Event: 2880.787 GC heap before
{Heap before GC invocations=3386 (full 53):
 PSYoungGen      total 3584K, used 3584K [0x00000000eab00000, 0x00000000eb100000, 0x0000000100000000)
  eden space 3072K, 100% used [0x00000000eab00000,0x00000000eae00000,0x00000000eae00000)
  from space 512K, 100% used [0x00000000eae00000,0x00000000eae80000,0x00000000eae80000)
  to   space 1024K, 0% used [0x00000000eb000000,0x00000000eb000000,0x00000000eb100000)
 ParOldGen       total 192512K, used 190325K [0x00000000c0000000, 0x00000000cbc00000, 0x00000000eab00000)
  object space 192512K, 98% used [0x00000000c0000000,0x00000000cb9dd5a8,0x00000000cbc00000)
 Metaspace       used 98365K, committed 100032K, reserved 1179648K
  class space    used 10085K, committed 10880K, reserved 1048576K
}
Event: 2880.790 GC heap after
{Heap after GC invocations=3386 (full 53):
 PSYoungGen      total 5120K, used 436K [0x00000000eab00000, 0x00000000eb100000, 0x0000000100000000)
  eden space 4096K, 0% used [0x00000000eab00000,0x00000000eab00000,0x00000000eaf00000)
  from space 1024K, 42% used [0x00000000eb000000,0x00000000eb06d200,0x00000000eb100000)
  to   space 1024K, 0% used [0x00000000eaf00000,0x00000000eaf00000,0x00000000eb000000)
 ParOldGen       total 192512K, used 190837K [0x00000000c0000000, 0x00000000cbc00000, 0x00000000eab00000)
  object space 192512K, 99% used [0x00000000c0000000,0x00000000cba5d5a8,0x00000000cbc00000)
 Metaspace       used 98365K, committed 100032K, reserved 1179648K
  class space    used 10085K, committed 10880K, reserved 1048576K
}
Event: 2880.824 GC heap before
{Heap before GC invocations=3387 (full 53):
 PSYoungGen      total 5120K, used 4532K [0x00000000eab00000, 0x00000000eb100000, 0x0000000100000000)
  eden space 4096K, 100% used [0x00000000eab00000,0x00000000eaf00000,0x00000000eaf00000)
  from space 1024K, 42% used [0x00000000eb000000,0x00000000eb06d200,0x00000000eb100000)
  to   space 1024K, 0% used [0x00000000eaf00000,0x00000000eaf00000,0x00000000eb000000)
 ParOldGen       total 192512K, used 190837K [0x00000000c0000000, 0x00000000cbc00000, 0x00000000eab00000)
  object space 192512K, 99% used [0x00000000c0000000,0x00000000cba5d5a8,0x00000000cbc00000)
 Metaspace       used 98365K, committed 100032K, reserved 1179648K
  class space    used 10085K, committed 10880K, reserved 1048576K
}
Event: 2880.828 GC heap after
{Heap after GC invocations=3387 (full 53):
 PSYoungGen      total 5120K, used 624K [0x00000000eab00000, 0x00000000eb100000, 0x0000000100000000)
  eden space 4096K, 0% used [0x00000000eab00000,0x00000000eab00000,0x00000000eaf00000)
  from space 1024K, 60% used [0x00000000eaf00000,0x00000000eaf9c010,0x00000000eb000000)
  to   space 1024K, 0% used [0x00000000eb000000,0x00000000eb000000,0x00000000eb100000)
 ParOldGen       total 192512K, used 191185K [0x00000000c0000000, 0x00000000cbc00000, 0x00000000eab00000)
  object space 192512K, 99% used [0x00000000c0000000,0x00000000cbab47a8,0x00000000cbc00000)
 Metaspace       used 98365K, committed 100032K, reserved 1179648K
  class space    used 10085K, committed 10880K, reserved 1048576K
}
Event: 2881.223 GC heap before
{Heap before GC invocations=3388 (full 53):
 PSYoungGen      total 5120K, used 4720K [0x00000000eab00000, 0x00000000eb100000, 0x0000000100000000)
  eden space 4096K, 100% used [0x00000000eab00000,0x00000000eaf00000,0x00000000eaf00000)
  from space 1024K, 60% used [0x00000000eaf00000,0x00000000eaf9c010,0x00000000eb000000)
  to   space 1024K, 0% used [0x00000000eb000000,0x00000000eb000000,0x00000000eb100000)
 ParOldGen       total 192512K, used 191185K [0x00000000c0000000, 0x00000000cbc00000, 0x00000000eab00000)
  object space 192512K, 99% used [0x00000000c0000000,0x00000000cbab47a8,0x00000000cbc00000)
 Metaspace       used 98366K, committed 100032K, reserved 1179648K
  class space    used 10085K, committed 10880K, reserved 1048576K
}
Event: 2881.227 GC heap after
{Heap after GC invocations=3388 (full 53):
 PSYoungGen      total 5120K, used 740K [0x00000000eab00000, 0x00000000eb100000, 0x0000000100000000)
  eden space 4096K, 0% used [0x00000000eab00000,0x00000000eab00000,0x00000000eaf00000)
  from space 1024K, 72% used [0x00000000eb000000,0x00000000eb0b9210,0x00000000eb100000)
  to   space 1024K, 0% used [0x00000000eaf00000,0x00000000eaf00000,0x00000000eb000000)
 ParOldGen       total 192512K, used 191785K [0x00000000c0000000, 0x00000000cbc00000, 0x00000000eab00000)
  object space 192512K, 99% used [0x00000000c0000000,0x00000000cbb4a7b8,0x00000000cbc00000)
 Metaspace       used 98366K, committed 100032K, reserved 1179648K
  class space    used 10085K, committed 10880K, reserved 1048576K
}
Event: 2881.257 GC heap before
{Heap before GC invocations=3389 (full 53):
 PSYoungGen      total 5120K, used 4836K [0x00000000eab00000, 0x00000000eb100000, 0x0000000100000000)
  eden space 4096K, 100% used [0x00000000eab00000,0x00000000eaf00000,0x00000000eaf00000)
  from space 1024K, 72% used [0x00000000eb000000,0x00000000eb0b9210,0x00000000eb100000)
  to   space 1024K, 0% used [0x00000000eaf00000,0x00000000eaf00000,0x00000000eb000000)
 ParOldGen       total 192512K, used 191785K [0x00000000c0000000, 0x00000000cbc00000, 0x00000000eab00000)
  object space 192512K, 99% used [0x00000000c0000000,0x00000000cbb4a7b8,0x00000000cbc00000)
 Metaspace       used 98366K, committed 100032K, reserved 1179648K
  class space    used 10085K, committed 10880K, reserved 1048576K
}
Event: 2881.260 GC heap after
{Heap after GC invocations=3389 (full 53):
 PSYoungGen      total 5120K, used 394K [0x00000000eab00000, 0x00000000eb100000, 0x0000000100000000)
  eden space 4096K, 0% used [0x00000000eab00000,0x00000000eab00000,0x00000000eaf00000)
  from space 1024K, 38% used [0x00000000eaf00000,0x00000000eaf62910,0x00000000eb000000)
  to   space 1024K, 0% used [0x00000000eb000000,0x00000000eb000000,0x00000000eb100000)
 ParOldGen       total 192512K, used 192017K [0x00000000c0000000, 0x00000000cbc00000, 0x00000000eab00000)
  object space 192512K, 99% used [0x00000000c0000000,0x00000000cbb847b8,0x00000000cbc00000)
 Metaspace       used 98366K, committed 100032K, reserved 1179648K
  class space    used 10085K, committed 10880K, reserved 1048576K
}
Event: 2881.570 GC heap before
{Heap before GC invocations=3390 (full 53):
 PSYoungGen      total 5120K, used 4490K [0x00000000eab00000, 0x00000000eb100000, 0x0000000100000000)
  eden space 4096K, 100% used [0x00000000eab00000,0x00000000eaf00000,0x00000000eaf00000)
  from space 1024K, 38% used [0x00000000eaf00000,0x00000000eaf62910,0x00000000eb000000)
  to   space 1024K, 0% used [0x00000000eb000000,0x00000000eb000000,0x00000000eb100000)
 ParOldGen       total 192512K, used 192017K [0x00000000c0000000, 0x00000000cbc00000, 0x00000000eab00000)
  object space 192512K, 99% used [0x00000000c0000000,0x00000000cbb847b8,0x00000000cbc00000)
 Metaspace       used 98366K, committed 100032K, reserved 1179648K
  class space    used 10085K, committed 10880K, reserved 1048576K
}
Event: 2881.572 GC heap after
{Heap after GC invocations=3390 (full 53):
 PSYoungGen      total 4608K, used 128K [0x00000000eab00000, 0x00000000eb080000, 0x0000000100000000)
  eden space 4096K, 0% used [0x00000000eab00000,0x00000000eab00000,0x00000000eaf00000)
  from space 512K, 25% used [0x00000000eb000000,0x00000000eb020000,0x00000000eb080000)
  to   space 512K, 0% used [0x00000000eaf80000,0x00000000eaf80000,0x00000000eb000000)
 ParOldGen       total 192512K, used 192033K [0x00000000c0000000, 0x00000000cbc00000, 0x00000000eab00000)
  object space 192512K, 99% used [0x00000000c0000000,0x00000000cbb887b8,0x00000000cbc00000)
 Metaspace       used 98366K, committed 100032K, reserved 1179648K
  class space    used 10085K, committed 10880K, reserved 1048576K
}
Event: 2881.618 GC heap before
{Heap before GC invocations=3391 (full 53):
 PSYoungGen      total 4608K, used 4224K [0x00000000eab00000, 0x00000000eb080000, 0x0000000100000000)
  eden space 4096K, 100% used [0x00000000eab00000,0x00000000eaf00000,0x00000000eaf00000)
  from space 512K, 25% used [0x00000000eb000000,0x00000000eb020000,0x00000000eb080000)
  to   space 512K, 0% used [0x00000000eaf80000,0x00000000eaf80000,0x00000000eb000000)
 ParOldGen       total 192512K, used 192033K [0x00000000c0000000, 0x00000000cbc00000, 0x00000000eab00000)
  object space 192512K, 99% used [0x00000000c0000000,0x00000000cbb887b8,0x00000000cbc00000)
 Metaspace       used 98366K, committed 100032K, reserved 1179648K
  class space    used 10085K, committed 10880K, reserved 1048576K
}
Event: 2881.622 GC heap after
{Heap after GC invocations=3391 (full 53):
 PSYoungGen      total 4608K, used 500K [0x00000000eab00000, 0x00000000eb100000, 0x0000000100000000)
  eden space 4096K, 0% used [0x00000000eab00000,0x00000000eab00000,0x00000000eaf00000)
  from space 512K, 97% used [0x00000000eaf80000,0x00000000eaffd200,0x00000000eb000000)
  to   space 1024K, 0% used [0x00000000eb000000,0x00000000eb000000,0x00000000eb100000)
 ParOldGen       total 192512K, used 192137K [0x00000000c0000000, 0x00000000cbc00000, 0x00000000eab00000)
  object space 192512K, 99% used [0x00000000c0000000,0x00000000cbba27b8,0x00000000cbc00000)
 Metaspace       used 98366K, committed 100032K, reserved 1179648K
  class space    used 10085K, committed 10880K, reserved 1048576K
}
Event: 2881.661 GC heap before
{Heap before GC invocations=3392 (full 53):
 PSYoungGen      total 4608K, used 4596K [0x00000000eab00000, 0x00000000eb100000, 0x0000000100000000)
  eden space 4096K, 100% used [0x00000000eab00000,0x00000000eaf00000,0x00000000eaf00000)
  from space 512K, 97% used [0x00000000eaf80000,0x00000000eaffd200,0x00000000eb000000)
  to   space 1024K, 0% used [0x00000000eb000000,0x00000000eb000000,0x00000000eb100000)
 ParOldGen       total 192512K, used 192137K [0x00000000c0000000, 0x00000000cbc00000, 0x00000000eab00000)
  object space 192512K, 99% used [0x00000000c0000000,0x00000000cbba27b8,0x00000000cbc00000)
 Metaspace       used 98368K, committed 100032K, reserved 1179648K
  class space    used 10085K, committed 10880K, reserved 1048576K
}
Event: 2881.666 GC heap after
{Heap after GC invocations=3392 (full 53):
 PSYoungGen      total 4096K, used 1020K [0x00000000eab00000, 0x00000000eb300000, 0x0000000100000000)
  eden space 3072K, 0% used [0x00000000eab00000,0x00000000eab00000,0x00000000eae00000)
  from space 1024K, 99% used [0x00000000eb000000,0x00000000eb0ff1a0,0x00000000eb100000)
  to   space 2048K, 0% used [0x00000000eae00000,0x00000000eae00000,0x00000000eb000000)
 ParOldGen       total 193024K, used 192662K [0x00000000c0000000, 0x00000000cbc80000, 0x00000000eab00000)
  object space 193024K, 99% used [0x00000000c0000000,0x00000000cbc259c8,0x00000000cbc80000)
 Metaspace       used 98368K, committed 100032K, reserved 1179648K
  class space    used 10085K, committed 10880K, reserved 1048576K
}
Event: 2881.666 GC heap before
{Heap before GC invocations=3393 (full 54):
 PSYoungGen      total 4096K, used 1020K [0x00000000eab00000, 0x00000000eb300000, 0x0000000100000000)
  eden space 3072K, 0% used [0x00000000eab00000,0x00000000eab00000,0x00000000eae00000)
  from space 1024K, 99% used [0x00000000eb000000,0x00000000eb0ff1a0,0x00000000eb100000)
  to   space 2048K, 0% used [0x00000000eae00000,0x00000000eae00000,0x00000000eb000000)
 ParOldGen       total 193024K, used 192662K [0x00000000c0000000, 0x00000000cbc80000, 0x00000000eab00000)
  object space 193024K, 99% used [0x00000000c0000000,0x00000000cbc259c8,0x00000000cbc80000)
 Metaspace       used 98368K, committed 100032K, reserved 1179648K
  class space    used 10085K, committed 10880K, reserved 1048576K
}

